<?xml version="1.0" encoding="utf-8"?><testsuites name="pytest tests"><testsuite name="pytest" errors="0" failures="0" skipped="0" tests="12" time="4.729" timestamp="2026-09-03T12:28:25.824094+00:00" hostname="agent-env-770edd82-923a-49ba-b61b-1d8dafb20796"><testcase classname="tests.test_iteration3.TestCategories" name="test_list_default_categories_sorted_by_order" time="0.291" /><testcase classname="tests.test_iteration3.TestEngravingProducts" name="test_all_seeded_products_have_engraving_fields" time="0.289" /><testcase classname="tests.test_iteration3.TestEngravingProducts" name="test_product_detail_includes_engraving_fields" time="0.462" /><testcase classname="tests.test_iteration3.TestCategories" name="test_create_category_admin_success" time="0.866" /><testcase classname="tests.test_iteration3.TestCategories" name="test_create_category_duplicate_returns_409" time="0.135" /><testcase classname="tests.test_iteration3.TestEngravingProducts" name="test_admin_create_product_with_engraving" time="1.315" /><testcase classname="tests.test_iteration3.TestCategories" name="test_create_category_non_admin_403" time="0.541" /><testcase classname="tests.test_iteration3.TestCategories" name="test_rename_category_cascades_to_products" time="1.675" /><testcase classname="tests.test_iteration3.TestCheckoutEngraving" name="test_checkout_persists_engraving" time="1.087" /><testcase classname="tests.test_iteration3.TestWishlistShareEmptyRegression" name="test_share_empty_after_toggle_off_returns_400" time="1.032" /><testcase classname="tests.test_iteration3.TestCategories" name="test_delete_unused_category_succeeds" time="0.262" /><testcase classname="tests.test_iteration3.TestCategories" name="test_delete_used_category_returns_409" time="0.333" /></testsuite></testsuites>