<?xml version="1.0" encoding="utf-8"?><testsuites name="pytest tests"><testsuite name="pytest" errors="0" failures="0" skipped="0" tests="18" time="8.461" timestamp="2026-09-03T12:04:28.496526+00:00" hostname="agent-env-770edd82-923a-49ba-b61b-1d8dafb20796"><testcase classname="tests.backend_test" name="test_products_list_has_seven_including_silver_dragon" time="0.313" /><testcase classname="tests.backend_test" name="test_products_facets" time="0.218" /><testcase classname="tests.backend_test" name="test_products_filter_category" time="0.229" /><testcase classname="tests.backend_test" name="test_products_search_dragon" time="0.211" /><testcase classname="tests.backend_test" name="test_products_sort_price_asc" time="0.135" /><testcase classname="tests.backend_test" name="test_product_detail_and_404" time="0.446" /><testcase classname="tests.backend_test" name="test_admin_login_returns_admin_role" time="0.361" /><testcase classname="tests.backend_test" name="test_auth_me_works" time="0.248" /><testcase classname="tests.backend_test" name="test_auth_me_missing_token_401" time="0.180" /><testcase classname="tests.backend_test" name="test_customer_registration" time="0.385" /><testcase classname="tests.backend_test" name="test_admin_products_requires_admin" time="0.155" /><testcase classname="tests.backend_test" name="test_admin_products_missing_token_401" time="0.142" /><testcase classname="tests.backend_test" name="test_admin_create_persisted" time="0.340" /><testcase classname="tests.backend_test" name="test_admin_update_product" time="0.291" /><testcase classname="tests.backend_test" name="test_admin_delete_flow" time="0.540" /><testcase classname="tests.backend_test" name="test_admin_upload_png_and_fetch" time="0.627" /><testcase classname="tests.backend_test" name="test_guest_checkout_session" time="1.797" /><testcase classname="tests.backend_test" name="test_authenticated_checkout" time="1.271" /></testsuite></testsuites>