<?xml version="1.0" encoding="utf-8"?><testsuites name="pytest tests"><testsuite name="pytest" errors="0" failures="0" skipped="0" tests="9" time="3.553" timestamp="2026-09-03T12:15:37.243708+00:00" hostname="agent-env-770edd82-923a-49ba-b61b-1d8dafb20796"><testcase classname="tests.test_wishlist" name="test_wishlist_requires_auth" time="0.341" /><testcase classname="tests.test_wishlist" name="test_wishlist_toggle_requires_auth" time="0.256" /><testcase classname="tests.test_wishlist" name="test_toggle_add_and_remove" time="0.637" /><testcase classname="tests.test_wishlist" name="test_toggle_unknown_product_404" time="0.120" /><testcase classname="tests.test_wishlist" name="test_wishlist_get_returns_products_in_order" time="0.531" /><testcase classname="tests.test_wishlist" name="test_share_idempotent" time="0.266" /><testcase classname="tests.test_wishlist" name="test_shared_wishlist_public_access" time="0.242" /><testcase classname="tests.test_wishlist" name="test_shared_wishlist_unknown_token_404" time="0.159" /><testcase classname="tests.test_wishlist" name="test_share_empty_wishlist_400" time="0.477" /></testsuite></testsuites>